Fri, 26 Mar 2021 18:45:36 CET INF C:/Users/runneradmin/go/pkg/mod/github.com/portapps/portapps/v3@v3.3.0/portapps.go:118 > --------
Fri, 26 Mar 2021 18:45:36 CET INF C:/Users/runneradmin/go/pkg/mod/github.com/portapps/portapps/v3@v3.3.0/portapps.go:119 > Operating System: Windows 10.0.19042
Fri, 26 Mar 2021 18:45:36 CET INF C:/Users/runneradmin/go/pkg/mod/github.com/portapps/portapps/v3@v3.3.0/portapps.go:120 > Starting Discord 0.0.309-8 (portapps 3.3.0)...
Fri, 26 Mar 2021 18:45:36 CET INF C:/Users/runneradmin/go/pkg/mod/github.com/portapps/portapps/v3@v3.3.0/portapps.go:121 > Release date: 2021/03/09 16:58:13
Fri, 26 Mar 2021 18:45:37 CET INF C:/Users/runneradmin/go/pkg/mod/github.com/portapps/portapps/v3@v3.3.0/portapps.go:122 > Publisher: CrazyMax (https://github.com/portapps/discord-portable)
Fri, 26 Mar 2021 18:45:37 CET INF C:/Users/runneradmin/go/pkg/mod/github.com/portapps/portapps/v3@v3.3.0/portapps.go:123 > Root path: C:\Games\Tools\bot discord\discordC
Fri, 26 Mar 2021 18:45:37 CET INF C:/Users/runneradmin/go/pkg/mod/github.com/portapps/portapps/v3@v3.3.0/portapps.go:127 > Configuration:
common:
  disable_log: false
  args: []
  env: {}
  app_path: ""
app:
  cleanup: false

Fri, 26 Mar 2021 18:45:37 CET ERR D:/a/discord-portable/discord-portable/main.go:98 > Cannot restore data assets error="Asset data not found"
Fri, 26 Mar 2021 18:45:37 CET INF C:/Users/runneradmin/go/pkg/mod/github.com/portapps/portapps/v3@v3.3.0/portapps.go:167 > Process: C:\Games\Tools\bot discord\discordC\app\app-0.0.309\Discord.exe
Fri, 26 Mar 2021 18:45:37 CET INF C:/Users/runneradmin/go/pkg/mod/github.com/portapps/portapps/v3@v3.3.0/portapps.go:168 > Args (config file): 
Fri, 26 Mar 2021 18:45:37 CET INF C:/Users/runneradmin/go/pkg/mod/github.com/portapps/portapps/v3@v3.3.0/portapps.go:169 > Args (cmd line): 
Fri, 26 Mar 2021 18:45:37 CET INF C:/Users/runneradmin/go/pkg/mod/github.com/portapps/portapps/v3@v3.3.0/portapps.go:170 > Args (hardcoded): 
Fri, 26 Mar 2021 18:45:37 CET INF C:/Users/runneradmin/go/pkg/mod/github.com/portapps/portapps/v3@v3.3.0/portapps.go:171 > Working dir: C:\Games\Tools\bot discord\discordC\app\app-0.0.309
Fri, 26 Mar 2021 18:45:37 CET INF C:/Users/runneradmin/go/pkg/mod/github.com/portapps/portapps/v3@v3.3.0/portapps.go:172 > App path: C:\Games\Tools\bot discord\discordC\app
Fri, 26 Mar 2021 18:45:37 CET INF C:/Users/runneradmin/go/pkg/mod/github.com/portapps/portapps/v3@v3.3.0/portapps.go:173 > Data path: C:\Games\Tools\bot discord\discordC\data
Fri, 26 Mar 2021 18:45:37 CET INF C:/Users/runneradmin/go/pkg/mod/github.com/portapps/portapps/v3@v3.3.0/portapps.go:174 > Previous path: 
Fri, 26 Mar 2021 18:45:37 CET INF C:/Users/runneradmin/go/pkg/mod/github.com/portapps/portapps/v3@v3.3.0/portapps.go:180 > Launching Discord
Fri, 26 Mar 2021 18:45:37 CET INF C:/Users/runneradmin/go/pkg/mod/github.com/portapps/portapps/v3@v3.3.0/portapps.go:190 > Exec C:\Games\Tools\bot discord\discordC\app\app-0.0.309\Discord.exe 

Discord 0.0.309
(node:15960) [DEP0005] DeprecationWarning: Buffer() is deprecated due to security and usability issues. Please use the Buffer.alloc(), Buffer.allocUnsafe(), or Buffer.from() methods instead.
Starting app.
Starting updater.
[Modules] Modules initializing
[Modules] Distribution: remote
[Modules] Host updates: disabled
[Modules] Module updates: enabled
[Modules] Module install path: C:\Games\Tools\bot discord\discordC\data\0.0.309\modules
[Modules] Module installed file path: C:\Games\Tools\bot discord\discordC\data\0.0.309\modules\installed.json
[Modules] Module download path: C:\Games\Tools\bot discord\discordC\data\0.0.309\modules\pending
[Modules] Bootstrapping...
[Modules] Installing discord_desktop_core@0 from C:\Games\Tools\bot discord\discordC\app\app-0.0.309\resources\bootstrap\discord_desktop_core.zip
[Modules] Failed installing discord_desktop_core@0: Error: ENOENT: no such file or directory, open 'C:\Games\Tools\bot discord\discordC\app\app-0.0.309\resources\bootstrap\discord_desktop_core.zip'
[Modules] Installing discord_erlpack@0 from C:\Games\Tools\bot discord\discordC\app\app-0.0.309\resources\bootstrap\discord_erlpack.zip
[Modules] Failed installing discord_erlpack@0: Error: ENOENT: no such file or directory, open 'C:\Games\Tools\bot discord\discordC\app\app-0.0.309\resources\bootstrap\discord_erlpack.zip'
[Modules] Installing discord_spellcheck@0 from C:\Games\Tools\bot discord\discordC\app\app-0.0.309\resources\bootstrap\discord_spellcheck.zip
[Modules] Failed installing discord_spellcheck@0: Error: ENOENT: no such file or directory, open 'C:\Games\Tools\bot discord\discordC\app\app-0.0.309\resources\bootstrap\discord_spellcheck.zip'
[Modules] Installing discord_utils@0 from C:\Games\Tools\bot discord\discordC\app\app-0.0.309\resources\bootstrap\discord_utils.zip
[Modules] Failed installing discord_utils@0: Error: ENOENT: no such file or directory, open 'C:\Games\Tools\bot discord\discordC\app\app-0.0.309\resources\bootstrap\discord_utils.zip'
[Modules] Installing discord_voice@0 from C:\Games\Tools\bot discord\discordC\app\app-0.0.309\resources\bootstrap\discord_voice.zip
[Modules] Failed installing discord_voice@0: Error: ENOENT: no such file or directory, open 'C:\Games\Tools\bot discord\discordC\app\app-0.0.309\resources\bootstrap\discord_voice.zip'
[Modules] Finished module installations. [success: 0] [failure: 5]
[Modules] Host is up to date.
[Modules] Checking for module updates at https://discord.com/api/modules/stable/versions.json
[Modules] Module update available: discord_desktop_core@2 [installed: 0]
[Modules] Module update available: discord_erlpack@1 [installed: 0]
[Modules] Module update available: discord_spellcheck@1 [installed: 0]
[Modules] Module update available: discord_utils@2 [installed: 0]
[Modules] Module update available: discord_voice@6 [installed: 0]
[Modules] Fetching discord_desktop_core@2 from https://discord.com/api/modules/stable/discord_desktop_core/2
[Modules] Streaming discord_desktop_core@2 to C:\Games\Tools\bot discord\discordC\data\0.0.309\modules\pending\discord_desktop_core-2.zip
[Modules] Streaming discord_desktop_core@2 to C:\Games\Tools\bot discord\discordC\data\0.0.309\modules\pending\discord_desktop_core-2.zip: 2%
[Modules] Streaming discord_desktop_core@2 to C:\Games\Tools\bot discord\discordC\data\0.0.309\modules\pending\discord_desktop_core-2.zip: 4%
[Modules] Streaming discord_desktop_core@2 to C:\Games\Tools\bot discord\discordC\data\0.0.309\modules\pending\discord_desktop_core-2.zip: 6%
[Modules] Streaming discord_desktop_core@2 to C:\Games\Tools\bot discord\discordC\data\0.0.309\modules\pending\discord_desktop_core-2.zip: 7%
[Modules] Streaming discord_desktop_core@2 to C:\Games\Tools\bot discord\discordC\data\0.0.309\modules\pending\discord_desktop_core-2.zip: 11%
[Modules] Streaming discord_desktop_core@2 to C:\Games\Tools\bot discord\discordC\data\0.0.309\modules\pending\discord_desktop_core-2.zip: 14%
[Modules] Streaming discord_desktop_core@2 to C:\Games\Tools\bot discord\discordC\data\0.0.309\modules\pending\discord_desktop_core-2.zip: 16%
[Modules] Streaming discord_desktop_core@2 to C:\Games\Tools\bot discord\discordC\data\0.0.309\modules\pending\discord_desktop_core-2.zip: 21%
[Modules] Streaming discord_desktop_core@2 to C:\Games\Tools\bot discord\discordC\data\0.0.309\modules\pending\discord_desktop_core-2.zip: 24%
[Modules] Streaming discord_desktop_core@2 to C:\Games\Tools\bot discord\discordC\data\0.0.309\modules\pending\discord_desktop_core-2.zip: 26%
[Modules] Streaming discord_desktop_core@2 to C:\Games\Tools\bot discord\discordC\data\0.0.309\modules\pending\discord_desktop_core-2.zip: 27%
[Modules] Streaming discord_desktop_core@2 to C:\Games\Tools\bot discord\discordC\data\0.0.309\modules\pending\discord_desktop_core-2.zip: 28%
[Modules] Streaming discord_desktop_core@2 to C:\Games\Tools\bot discord\discordC\data\0.0.309\modules\pending\discord_desktop_core-2.zip: 32%
[Modules] Streaming discord_desktop_core@2 to C:\Games\Tools\bot discord\discordC\data\0.0.309\modules\pending\discord_desktop_core-2.zip: 41%
[Modules] Streaming discord_desktop_core@2 to C:\Games\Tools\bot discord\discordC\data\0.0.309\modules\pending\discord_desktop_core-2.zip: 42%
[Modules] Streaming discord_desktop_core@2 to C:\Games\Tools\bot discord\discordC\data\0.0.309\modules\pending\discord_desktop_core-2.zip: 46%
[Modules] Streaming discord_desktop_core@2 to C:\Games\Tools\bot discord\discordC\data\0.0.309\modules\pending\discord_desktop_core-2.zip: 47%
[Modules] Streaming discord_desktop_core@2 to C:\Games\Tools\bot discord\discordC\data\0.0.309\modules\pending\discord_desktop_core-2.zip: 48%
[Modules] Streaming discord_desktop_core@2 to C:\Games\Tools\bot discord\discordC\data\0.0.309\modules\pending\discord_desktop_core-2.zip: 53%
[Modules] Streaming discord_desktop_core@2 to C:\Games\Tools\bot discord\discordC\data\0.0.309\modules\pending\discord_desktop_core-2.zip: 55%
[Modules] Streaming discord_desktop_core@2 to C:\Games\Tools\bot discord\discordC\data\0.0.309\modules\pending\discord_desktop_core-2.zip: 56%
[Modules] Streaming discord_desktop_core@2 to C:\Games\Tools\bot discord\discordC\data\0.0.309\modules\pending\discord_desktop_core-2.zip: 59%
[Modules] Streaming discord_desktop_core@2 to C:\Games\Tools\bot discord\discordC\data\0.0.309\modules\pending\discord_desktop_core-2.zip: 63%
[Modules] Streaming discord_desktop_core@2 to C:\Games\Tools\bot discord\discordC\data\0.0.309\modules\pending\discord_desktop_core-2.zip: 67%
[Modules] Streaming discord_desktop_core@2 to C:\Games\Tools\bot discord\discordC\data\0.0.309\modules\pending\discord_desktop_core-2.zip: 74%
[Modules] Streaming discord_desktop_core@2 to C:\Games\Tools\bot discord\discordC\data\0.0.309\modules\pending\discord_desktop_core-2.zip: 79%
[Modules] Streaming discord_desktop_core@2 to C:\Games\Tools\bot discord\discordC\data\0.0.309\modules\pending\discord_desktop_core-2.zip: 83%
[Modules] Streaming discord_desktop_core@2 to C:\Games\Tools\bot discord\discordC\data\0.0.309\modules\pending\discord_desktop_core-2.zip: 84%
[Modules] Streaming discord_desktop_core@2 to C:\Games\Tools\bot discord\discordC\data\0.0.309\modules\pending\discord_desktop_core-2.zip: 85%
[Modules] Streaming discord_desktop_core@2 to C:\Games\Tools\bot discord\discordC\data\0.0.309\modules\pending\discord_desktop_core-2.zip: 86%
[Modules] Streaming discord_desktop_core@2 to C:\Games\Tools\bot discord\discordC\data\0.0.309\modules\pending\discord_desktop_core-2.zip: 93%
[Modules] Streaming discord_desktop_core@2 to C:\Games\Tools\bot discord\discordC\data\0.0.309\modules\pending\discord_desktop_core-2.zip: 100%
[Modules] Fetching discord_erlpack@1 from https://discord.com/api/modules/stable/discord_erlpack/1
[Modules] Streaming discord_erlpack@1 to C:\Games\Tools\bot discord\discordC\data\0.0.309\modules\pending\discord_erlpack-1.zip
[Modules] Streaming discord_erlpack@1 to C:\Games\Tools\bot discord\discordC\data\0.0.309\modules\pending\discord_erlpack-1.zip: 15%
[Modules] Streaming discord_erlpack@1 to C:\Games\Tools\bot discord\discordC\data\0.0.309\modules\pending\discord_erlpack-1.zip: 30%
[Modules] Streaming discord_erlpack@1 to C:\Games\Tools\bot discord\discordC\data\0.0.309\modules\pending\discord_erlpack-1.zip: 46%
[Modules] Streaming discord_erlpack@1 to C:\Games\Tools\bot discord\discordC\data\0.0.309\modules\pending\discord_erlpack-1.zip: 61%
[Modules] Streaming discord_erlpack@1 to C:\Games\Tools\bot discord\discordC\data\0.0.309\modules\pending\discord_erlpack-1.zip: 76%
[Modules] Streaming discord_erlpack@1 to C:\Games\Tools\bot discord\discordC\data\0.0.309\modules\pending\discord_erlpack-1.zip: 92%
[Modules] Streaming discord_erlpack@1 to C:\Games\Tools\bot discord\discordC\data\0.0.309\modules\pending\discord_erlpack-1.zip: 100%
[Modules] Fetching discord_spellcheck@1 from https://discord.com/api/modules/stable/discord_spellcheck/1
[Modules] Streaming discord_spellcheck@1 to C:\Games\Tools\bot discord\discordC\data\0.0.309\modules\pending\discord_spellcheck-1.zip
[Modules] Streaming discord_spellcheck@1 to C:\Games\Tools\bot discord\discordC\data\0.0.309\modules\pending\discord_spellcheck-1.zip: 1%
[Modules] Streaming discord_spellcheck@1 to C:\Games\Tools\bot discord\discordC\data\0.0.309\modules\pending\discord_spellcheck-1.zip: 2%
[Modules] Streaming discord_spellcheck@1 to C:\Games\Tools\bot discord\discordC\data\0.0.309\modules\pending\discord_spellcheck-1.zip: 4%
[Modules] Streaming discord_spellcheck@1 to C:\Games\Tools\bot discord\discordC\data\0.0.309\modules\pending\discord_spellcheck-1.zip: 7%
[Modules] Streaming discord_spellcheck@1 to C:\Games\Tools\bot discord\discordC\data\0.0.309\modules\pending\discord_spellcheck-1.zip: 10%
[Modules] Streaming discord_spellcheck@1 to C:\Games\Tools\bot discord\discordC\data\0.0.309\modules\pending\discord_spellcheck-1.zip: 13%
[Modules] Streaming discord_spellcheck@1 to C:\Games\Tools\bot discord\discordC\data\0.0.309\modules\pending\discord_spellcheck-1.zip: 15%
[Modules] Streaming discord_spellcheck@1 to C:\Games\Tools\bot discord\discordC\data\0.0.309\modules\pending\discord_spellcheck-1.zip: 17%
[Modules] Streaming discord_spellcheck@1 to C:\Games\Tools\bot discord\discordC\data\0.0.309\modules\pending\discord_spellcheck-1.zip: 20%
[Modules] Streaming discord_spellcheck@1 to C:\Games\Tools\bot discord\discordC\data\0.0.309\modules\pending\discord_spellcheck-1.zip: 21%
[Modules] Streaming discord_spellcheck@1 to C:\Games\Tools\bot discord\discordC\data\0.0.309\modules\pending\discord_spellcheck-1.zip: 22%
[Modules] Streaming discord_spellcheck@1 to C:\Games\Tools\bot discord\discordC\data\0.0.309\modules\pending\discord_spellcheck-1.zip: 23%
[Modules] Streaming discord_spellcheck@1 to C:\Games\Tools\bot discord\discordC\data\0.0.309\modules\pending\discord_spellcheck-1.zip: 25%
[Modules] Streaming discord_spellcheck@1 to C:\Games\Tools\bot discord\discordC\data\0.0.309\modules\pending\discord_spellcheck-1.zip: 28%
[Modules] Streaming discord_spellcheck@1 to C:\Games\Tools\bot discord\discordC\data\0.0.309\modules\pending\discord_spellcheck-1.zip: 30%
[Modules] Streaming discord_spellcheck@1 to C:\Games\Tools\bot discord\discordC\data\0.0.309\modules\pending\discord_spellcheck-1.zip: 32%
[Modules] Streaming discord_spellcheck@1 to C:\Games\Tools\bot discord\discordC\data\0.0.309\modules\pending\discord_spellcheck-1.zip: 35%
[Modules] Streaming discord_spellcheck@1 to C:\Games\Tools\bot discord\discordC\data\0.0.309\modules\pending\discord_spellcheck-1.zip: 38%
[Modules] Streaming discord_spellcheck@1 to C:\Games\Tools\bot discord\discordC\data\0.0.309\modules\pending\discord_spellcheck-1.zip: 43%
[Modules] Streaming discord_spellcheck@1 to C:\Games\Tools\bot discord\discordC\data\0.0.309\modules\pending\discord_spellcheck-1.zip: 45%
[Modules] Streaming discord_spellcheck@1 to C:\Games\Tools\bot discord\discordC\data\0.0.309\modules\pending\discord_spellcheck-1.zip: 46%
[Modules] Streaming discord_spellcheck@1 to C:\Games\Tools\bot discord\discordC\data\0.0.309\modules\pending\discord_spellcheck-1.zip: 48%
[Modules] Streaming discord_spellcheck@1 to C:\Games\Tools\bot discord\discordC\data\0.0.309\modules\pending\discord_spellcheck-1.zip: 51%
[Modules] Streaming discord_spellcheck@1 to C:\Games\Tools\bot discord\discordC\data\0.0.309\modules\pending\discord_spellcheck-1.zip: 53%
[Modules] Streaming discord_spellcheck@1 to C:\Games\Tools\bot discord\discordC\data\0.0.309\modules\pending\discord_spellcheck-1.zip: 56%
[Modules] Streaming discord_spellcheck@1 to C:\Games\Tools\bot discord\discordC\data\0.0.309\modules\pending\discord_spellcheck-1.zip: 64%
[Modules] Streaming discord_spellcheck@1 to C:\Games\Tools\bot discord\discordC\data\0.0.309\modules\pending\discord_spellcheck-1.zip: 67%
[Modules] Streaming discord_spellcheck@1 to C:\Games\Tools\bot discord\discordC\data\0.0.309\modules\pending\discord_spellcheck-1.zip: 69%
[Modules] Streaming discord_spellcheck@1 to C:\Games\Tools\bot discord\discordC\data\0.0.309\modules\pending\discord_spellcheck-1.zip: 71%
[Modules] Streaming discord_spellcheck@1 to C:\Games\Tools\bot discord\discordC\data\0.0.309\modules\pending\discord_spellcheck-1.zip: 77%
[Modules] Streaming discord_spellcheck@1 to C:\Games\Tools\bot discord\discordC\data\0.0.309\modules\pending\discord_spellcheck-1.zip: 78%
[Modules] Streaming discord_spellcheck@1 to C:\Games\Tools\bot discord\discordC\data\0.0.309\modules\pending\discord_spellcheck-1.zip: 79%
[Modules] Streaming discord_spellcheck@1 to C:\Games\Tools\bot discord\discordC\data\0.0.309\modules\pending\discord_spellcheck-1.zip: 82%
[Modules] Streaming discord_spellcheck@1 to C:\Games\Tools\bot discord\discordC\data\0.0.309\modules\pending\discord_spellcheck-1.zip: 88%
[Modules] Streaming discord_spellcheck@1 to C:\Games\Tools\bot discord\discordC\data\0.0.309\modules\pending\discord_spellcheck-1.zip: 92%
[Modules] Streaming discord_spellcheck@1 to C:\Games\Tools\bot discord\discordC\data\0.0.309\modules\pending\discord_spellcheck-1.zip: 96%
[Modules] Streaming discord_spellcheck@1 to C:\Games\Tools\bot discord\discordC\data\0.0.309\modules\pending\discord_spellcheck-1.zip: 98%
[Modules] Streaming discord_spellcheck@1 to C:\Games\Tools\bot discord\discordC\data\0.0.309\modules\pending\discord_spellcheck-1.zip: 100%
[Modules] Fetching discord_utils@2 from https://discord.com/api/modules/stable/discord_utils/2
[Modules] Streaming discord_utils@2 to C:\Games\Tools\bot discord\discordC\data\0.0.309\modules\pending\discord_utils-2.zip
[Modules] Streaming discord_utils@2 to C:\Games\Tools\bot discord\discordC\data\0.0.309\modules\pending\discord_utils-2.zip: 7%
[Modules] Streaming discord_utils@2 to C:\Games\Tools\bot discord\discordC\data\0.0.309\modules\pending\discord_utils-2.zip: 21%
[Modules] Streaming discord_utils@2 to C:\Games\Tools\bot discord\discordC\data\0.0.309\modules\pending\discord_utils-2.zip: 28%
[Modules] Streaming discord_utils@2 to C:\Games\Tools\bot discord\discordC\data\0.0.309\modules\pending\discord_utils-2.zip: 35%
[Modules] Streaming discord_utils@2 to C:\Games\Tools\bot discord\discordC\data\0.0.309\modules\pending\discord_utils-2.zip: 42%
[Modules] Streaming discord_utils@2 to C:\Games\Tools\bot discord\discordC\data\0.0.309\modules\pending\discord_utils-2.zip: 56%
[Modules] Streaming discord_utils@2 to C:\Games\Tools\bot discord\discordC\data\0.0.309\modules\pending\discord_utils-2.zip: 63%
[Modules] Streaming discord_utils@2 to C:\Games\Tools\bot discord\discordC\data\0.0.309\modules\pending\discord_utils-2.zip: 70%
[Modules] Streaming discord_utils@2 to C:\Games\Tools\bot discord\discordC\data\0.0.309\modules\pending\discord_utils-2.zip: 78%
[Modules] Streaming discord_utils@2 to C:\Games\Tools\bot discord\discordC\data\0.0.309\modules\pending\discord_utils-2.zip: 85%
[Modules] Streaming discord_utils@2 to C:\Games\Tools\bot discord\discordC\data\0.0.309\modules\pending\discord_utils-2.zip: 99%
[Modules] Streaming discord_utils@2 to C:\Games\Tools\bot discord\discordC\data\0.0.309\modules\pending\discord_utils-2.zip: 100%
[Modules] Fetching discord_voice@6 from https://discord.com/api/modules/stable/discord_voice/6
[Modules] Streaming discord_voice@6 to C:\Games\Tools\bot discord\discordC\data\0.0.309\modules\pending\discord_voice-6.zip
[Modules] Streaming discord_voice@6 to C:\Games\Tools\bot discord\discordC\data\0.0.309\modules\pending\discord_voice-6.zip: 1%
[Modules] Streaming discord_voice@6 to C:\Games\Tools\bot discord\discordC\data\0.0.309\modules\pending\discord_voice-6.zip: 2%
[Modules] Streaming discord_voice@6 to C:\Games\Tools\bot discord\discordC\data\0.0.309\modules\pending\discord_voice-6.zip: 3%
[Modules] Streaming discord_voice@6 to C:\Games\Tools\bot discord\discordC\data\0.0.309\modules\pending\discord_voice-6.zip: 4%
[Modules] Streaming discord_voice@6 to C:\Games\Tools\bot discord\discordC\data\0.0.309\modules\pending\discord_voice-6.zip: 5%
[Modules] Streaming discord_voice@6 to C:\Games\Tools\bot discord\discordC\data\0.0.309\modules\pending\discord_voice-6.zip: 6%
[Modules] Streaming discord_voice@6 to C:\Games\Tools\bot discord\discordC\data\0.0.309\modules\pending\discord_voice-6.zip: 7%
[Modules] Streaming discord_voice@6 to C:\Games\Tools\bot discord\discordC\data\0.0.309\modules\pending\discord_voice-6.zip: 8%
[Modules] Streaming discord_voice@6 to C:\Games\Tools\bot discord\discordC\data\0.0.309\modules\pending\discord_voice-6.zip: 9%
[Modules] Streaming discord_voice@6 to C:\Games\Tools\bot discord\discordC\data\0.0.309\modules\pending\discord_voice-6.zip: 10%
[Modules] Streaming discord_voice@6 to C:\Games\Tools\bot discord\discordC\data\0.0.309\modules\pending\discord_voice-6.zip: 11%
[Modules] Streaming discord_voice@6 to C:\Games\Tools\bot discord\discordC\data\0.0.309\modules\pending\discord_voice-6.zip: 12%
[Modules] Streaming discord_voice@6 to C:\Games\Tools\bot discord\discordC\data\0.0.309\modules\pending\discord_voice-6.zip: 13%
[Modules] Streaming discord_voice@6 to C:\Games\Tools\bot discord\discordC\data\0.0.309\modules\pending\discord_voice-6.zip: 14%
[Modules] Streaming discord_voice@6 to C:\Games\Tools\bot discord\discordC\data\0.0.309\modules\pending\discord_voice-6.zip: 15%
[Modules] Streaming discord_voice@6 to C:\Games\Tools\bot discord\discordC\data\0.0.309\modules\pending\discord_voice-6.zip: 16%
[Modules] Streaming discord_voice@6 to C:\Games\Tools\bot discord\discordC\data\0.0.309\modules\pending\discord_voice-6.zip: 17%
[Modules] Streaming discord_voice@6 to C:\Games\Tools\bot discord\discordC\data\0.0.309\modules\pending\discord_voice-6.zip: 18%
[Modules] Streaming discord_voice@6 to C:\Games\Tools\bot discord\discordC\data\0.0.309\modules\pending\discord_voice-6.zip: 19%
[Modules] Streaming discord_voice@6 to C:\Games\Tools\bot discord\discordC\data\0.0.309\modules\pending\discord_voice-6.zip: 20%
[Modules] Streaming discord_voice@6 to C:\Games\Tools\bot discord\discordC\data\0.0.309\modules\pending\discord_voice-6.zip: 21%
[Modules] Streaming discord_voice@6 to C:\Games\Tools\bot discord\discordC\data\0.0.309\modules\pending\discord_voice-6.zip: 22%
[Modules] Streaming discord_voice@6 to C:\Games\Tools\bot discord\discordC\data\0.0.309\modules\pending\discord_voice-6.zip: 23%
[Modules] Streaming discord_voice@6 to C:\Games\Tools\bot discord\discordC\data\0.0.309\modules\pending\discord_voice-6.zip: 25%
[Modules] Streaming discord_voice@6 to C:\Games\Tools\bot discord\discordC\data\0.0.309\modules\pending\discord_voice-6.zip: 26%
[Modules] Streaming discord_voice@6 to C:\Games\Tools\bot discord\discordC\data\0.0.309\modules\pending\discord_voice-6.zip: 27%
[Modules] Streaming discord_voice@6 to C:\Games\Tools\bot discord\discordC\data\0.0.309\modules\pending\discord_voice-6.zip: 28%
[Modules] Streaming discord_voice@6 to C:\Games\Tools\bot discord\discordC\data\0.0.309\modules\pending\discord_voice-6.zip: 29%
[Modules] Streaming discord_voice@6 to C:\Games\Tools\bot discord\discordC\data\0.0.309\modules\pending\discord_voice-6.zip: 30%
[Modules] Streaming discord_voice@6 to C:\Games\Tools\bot discord\discordC\data\0.0.309\modules\pending\discord_voice-6.zip: 31%
[Modules] Streaming discord_voice@6 to C:\Games\Tools\bot discord\discordC\data\0.0.309\modules\pending\discord_voice-6.zip: 32%
[Modules] Streaming discord_voice@6 to C:\Games\Tools\bot discord\discordC\data\0.0.309\modules\pending\discord_voice-6.zip: 33%
[Modules] Streaming discord_voice@6 to C:\Games\Tools\bot discord\discordC\data\0.0.309\modules\pending\discord_voice-6.zip: 35%
[Modules] Streaming discord_voice@6 to C:\Games\Tools\bot discord\discordC\data\0.0.309\modules\pending\discord_voice-6.zip: 36%
[Modules] Streaming discord_voice@6 to C:\Games\Tools\bot discord\discordC\data\0.0.309\modules\pending\discord_voice-6.zip: 37%
[Modules] Streaming discord_voice@6 to C:\Games\Tools\bot discord\discordC\data\0.0.309\modules\pending\discord_voice-6.zip: 38%
[Modules] Streaming discord_voice@6 to C:\Games\Tools\bot discord\discordC\data\0.0.309\modules\pending\discord_voice-6.zip: 39%
[Modules] Streaming discord_voice@6 to C:\Games\Tools\bot discord\discordC\data\0.0.309\modules\pending\discord_voice-6.zip: 40%
[Modules] Streaming discord_voice@6 to C:\Games\Tools\bot discord\discordC\data\0.0.309\modules\pending\discord_voice-6.zip: 41%
[Modules] Streaming discord_voice@6 to C:\Games\Tools\bot discord\discordC\data\0.0.309\modules\pending\discord_voice-6.zip: 42%
[Modules] Streaming discord_voice@6 to C:\Games\Tools\bot discord\discordC\data\0.0.309\modules\pending\discord_voice-6.zip: 43%
[Modules] Streaming discord_voice@6 to C:\Games\Tools\bot discord\discordC\data\0.0.309\modules\pending\discord_voice-6.zip: 44%
[Modules] Streaming discord_voice@6 to C:\Games\Tools\bot discord\discordC\data\0.0.309\modules\pending\discord_voice-6.zip: 45%
[Modules] Streaming discord_voice@6 to C:\Games\Tools\bot discord\discordC\data\0.0.309\modules\pending\discord_voice-6.zip: 46%
[Modules] Streaming discord_voice@6 to C:\Games\Tools\bot discord\discordC\data\0.0.309\modules\pending\discord_voice-6.zip: 47%
[Modules] Streaming discord_voice@6 to C:\Games\Tools\bot discord\discordC\data\0.0.309\modules\pending\discord_voice-6.zip: 48%
[Modules] Streaming discord_voice@6 to C:\Games\Tools\bot discord\discordC\data\0.0.309\modules\pending\discord_voice-6.zip: 49%
[Modules] Streaming discord_voice@6 to C:\Games\Tools\bot discord\discordC\data\0.0.309\modules\pending\discord_voice-6.zip: 50%
[Modules] Streaming discord_voice@6 to C:\Games\Tools\bot discord\discordC\data\0.0.309\modules\pending\discord_voice-6.zip: 51%
[Modules] Streaming discord_voice@6 to C:\Games\Tools\bot discord\discordC\data\0.0.309\modules\pending\discord_voice-6.zip: 52%
[Modules] Streaming discord_voice@6 to C:\Games\Tools\bot discord\discordC\data\0.0.309\modules\pending\discord_voice-6.zip: 53%
[Modules] Streaming discord_voice@6 to C:\Games\Tools\bot discord\discordC\data\0.0.309\modules\pending\discord_voice-6.zip: 54%
[Modules] Streaming discord_voice@6 to C:\Games\Tools\bot discord\discordC\data\0.0.309\modules\pending\discord_voice-6.zip: 55%
[Modules] Streaming discord_voice@6 to C:\Games\Tools\bot discord\discordC\data\0.0.309\modules\pending\discord_voice-6.zip: 56%
[Modules] Streaming discord_voice@6 to C:\Games\Tools\bot discord\discordC\data\0.0.309\modules\pending\discord_voice-6.zip: 57%
[Modules] Streaming discord_voice@6 to C:\Games\Tools\bot discord\discordC\data\0.0.309\modules\pending\discord_voice-6.zip: 58%
[Modules] Streaming discord_voice@6 to C:\Games\Tools\bot discord\discordC\data\0.0.309\modules\pending\discord_voice-6.zip: 59%
[Modules] Streaming discord_voice@6 to C:\Games\Tools\bot discord\discordC\data\0.0.309\modules\pending\discord_voice-6.zip: 60%
[Modules] Streaming discord_voice@6 to C:\Games\Tools\bot discord\discordC\data\0.0.309\modules\pending\discord_voice-6.zip: 61%
[Modules] Streaming discord_voice@6 to C:\Games\Tools\bot discord\discordC\data\0.0.309\modules\pending\discord_voice-6.zip: 62%
[Modules] Streaming discord_voice@6 to C:\Games\Tools\bot discord\discordC\data\0.0.309\modules\pending\discord_voice-6.zip: 63%
[Modules] Streaming discord_voice@6 to C:\Games\Tools\bot discord\discordC\data\0.0.309\modules\pending\discord_voice-6.zip: 64%
[Modules] Streaming discord_voice@6 to C:\Games\Tools\bot discord\discordC\data\0.0.309\modules\pending\discord_voice-6.zip: 65%
[Modules] Streaming discord_voice@6 to C:\Games\Tools\bot discord\discordC\data\0.0.309\modules\pending\discord_voice-6.zip: 66%
[Modules] Streaming discord_voice@6 to C:\Games\Tools\bot discord\discordC\data\0.0.309\modules\pending\discord_voice-6.zip: 67%
[Modules] Streaming discord_voice@6 to C:\Games\Tools\bot discord\discordC\data\0.0.309\modules\pending\discord_voice-6.zip: 68%
[Modules] Streaming discord_voice@6 to C:\Games\Tools\bot discord\discordC\data\0.0.309\modules\pending\discord_voice-6.zip: 69%
[Modules] Streaming discord_voice@6 to C:\Games\Tools\bot discord\discordC\data\0.0.309\modules\pending\discord_voice-6.zip: 70%
[Modules] Streaming discord_voice@6 to C:\Games\Tools\bot discord\discordC\data\0.0.309\modules\pending\discord_voice-6.zip: 71%
[Modules] Streaming discord_voice@6 to C:\Games\Tools\bot discord\discordC\data\0.0.309\modules\pending\discord_voice-6.zip: 72%
[Modules] Streaming discord_voice@6 to C:\Games\Tools\bot discord\discordC\data\0.0.309\modules\pending\discord_voice-6.zip: 73%
[Modules] Streaming discord_voice@6 to C:\Games\Tools\bot discord\discordC\data\0.0.309\modules\pending\discord_voice-6.zip: 74%
[Modules] Streaming discord_voice@6 to C:\Games\Tools\bot discord\discordC\data\0.0.309\modules\pending\discord_voice-6.zip: 75%
[Modules] Streaming discord_voice@6 to C:\Games\Tools\bot discord\discordC\data\0.0.309\modules\pending\discord_voice-6.zip: 76%
[Modules] Streaming discord_voice@6 to C:\Games\Tools\bot discord\discordC\data\0.0.309\modules\pending\discord_voice-6.zip: 77%
[Modules] Streaming discord_voice@6 to C:\Games\Tools\bot discord\discordC\data\0.0.309\modules\pending\discord_voice-6.zip: 78%
[Modules] Streaming discord_voice@6 to C:\Games\Tools\bot discord\discordC\data\0.0.309\modules\pending\discord_voice-6.zip: 79%
[Modules] Streaming discord_voice@6 to C:\Games\Tools\bot discord\discordC\data\0.0.309\modules\pending\discord_voice-6.zip: 80%
[Modules] Streaming discord_voice@6 to C:\Games\Tools\bot discord\discordC\data\0.0.309\modules\pending\discord_voice-6.zip: 81%
[Modules] Streaming discord_voice@6 to C:\Games\Tools\bot discord\discordC\data\0.0.309\modules\pending\discord_voice-6.zip: 82%
[Modules] Streaming discord_voice@6 to C:\Games\Tools\bot discord\discordC\data\0.0.309\modules\pending\discord_voice-6.zip: 83%
[Modules] Streaming discord_voice@6 to C:\Games\Tools\bot discord\discordC\data\0.0.309\modules\pending\discord_voice-6.zip: 84%
[Modules] Streaming discord_voice@6 to C:\Games\Tools\bot discord\discordC\data\0.0.309\modules\pending\discord_voice-6.zip: 85%
[Modules] Streaming discord_voice@6 to C:\Games\Tools\bot discord\discordC\data\0.0.309\modules\pending\discord_voice-6.zip: 86%
[Modules] Streaming discord_voice@6 to C:\Games\Tools\bot discord\discordC\data\0.0.309\modules\pending\discord_voice-6.zip: 87%
[Modules] Streaming discord_voice@6 to C:\Games\Tools\bot discord\discordC\data\0.0.309\modules\pending\discord_voice-6.zip: 88%
[Modules] Streaming discord_voice@6 to C:\Games\Tools\bot discord\discordC\data\0.0.309\modules\pending\discord_voice-6.zip: 89%
[Modules] Streaming discord_voice@6 to C:\Games\Tools\bot discord\discordC\data\0.0.309\modules\pending\discord_voice-6.zip: 90%
[Modules] Streaming discord_voice@6 to C:\Games\Tools\bot discord\discordC\data\0.0.309\modules\pending\discord_voice-6.zip: 91%
[Modules] Streaming discord_voice@6 to C:\Games\Tools\bot discord\discordC\data\0.0.309\modules\pending\discord_voice-6.zip: 92%
[Modules] Streaming discord_voice@6 to C:\Games\Tools\bot discord\discordC\data\0.0.309\modules\pending\discord_voice-6.zip: 93%
[Modules] Streaming discord_voice@6 to C:\Games\Tools\bot discord\discordC\data\0.0.309\modules\pending\discord_voice-6.zip: 94%
[Modules] Streaming discord_voice@6 to C:\Games\Tools\bot discord\discordC\data\0.0.309\modules\pending\discord_voice-6.zip: 95%
[Modules] Streaming discord_voice@6 to C:\Games\Tools\bot discord\discordC\data\0.0.309\modules\pending\discord_voice-6.zip: 96%
[Modules] Streaming discord_voice@6 to C:\Games\Tools\bot discord\discordC\data\0.0.309\modules\pending\discord_voice-6.zip: 97%
[Modules] Streaming discord_voice@6 to C:\Games\Tools\bot discord\discordC\data\0.0.309\modules\pending\discord_voice-6.zip: 98%
[Modules] Streaming discord_voice@6 to C:\Games\Tools\bot discord\discordC\data\0.0.309\modules\pending\discord_voice-6.zip: 99%
[Modules] Streaming discord_voice@6 to C:\Games\Tools\bot discord\discordC\data\0.0.309\modules\pending\discord_voice-6.zip: 100%
[Modules] Finished module downloads. [success: 5] [failure: 0]
[Modules] Installing updates...
[Modules] Installing discord_desktop_core@2 from C:\Games\Tools\bot discord\discordC\data\0.0.309\modules\pending\discord_desktop_core-2.zip
[Modules] Installing discord_erlpack@1 from C:\Games\Tools\bot discord\discordC\data\0.0.309\modules\pending\discord_erlpack-1.zip
[Modules] Installing discord_spellcheck@1 from C:\Games\Tools\bot discord\discordC\data\0.0.309\modules\pending\discord_spellcheck-1.zip
[Modules] Installing discord_utils@2 from C:\Games\Tools\bot discord\discordC\data\0.0.309\modules\pending\discord_utils-2.zip
[Modules] Installing discord_voice@6 from C:\Games\Tools\bot discord\discordC\data\0.0.309\modules\pending\discord_voice-6.zip
[Modules] Finished module installations. [success: 5] [failure: 0]
[Modules] Host is up to date.
[Modules] Checking for module updates at https://discord.com/api/modules/stable/versions.json
[Modules] No module updates available.
[Modules] Starting to install discord_krisp...
[Modules] Fetching discord_krisp@2 from https://discord.com/api/modules/stable/discord_krisp/2
[Modules] Streaming discord_krisp@2 to C:\Games\Tools\bot discord\discordC\data\0.0.309\modules\pending\discord_krisp-2.zip
[Modules] Starting to install discord_game_utils...
[Modules] Starting to install discord_cloudsync...
[Modules] Streaming discord_krisp@2 to C:\Games\Tools\bot discord\discordC\data\0.0.309\modules\pending\discord_krisp-2.zip: 1%
[Modules] Streaming discord_krisp@2 to C:\Games\Tools\bot discord\discordC\data\0.0.309\modules\pending\discord_krisp-2.zip: 2%
[Modules] Streaming discord_krisp@2 to C:\Games\Tools\bot discord\discordC\data\0.0.309\modules\pending\discord_krisp-2.zip: 3%
[Modules] Streaming discord_krisp@2 to C:\Games\Tools\bot discord\discordC\data\0.0.309\modules\pending\discord_krisp-2.zip: 4%
[Modules] Streaming discord_krisp@2 to C:\Games\Tools\bot discord\discordC\data\0.0.309\modules\pending\discord_krisp-2.zip: 5%
[Modules] Streaming discord_krisp@2 to C:\Games\Tools\bot discord\discordC\data\0.0.309\modules\pending\discord_krisp-2.zip: 6%
[Modules] Streaming discord_krisp@2 to C:\Games\Tools\bot discord\discordC\data\0.0.309\modules\pending\discord_krisp-2.zip: 7%
[Modules] Streaming discord_krisp@2 to C:\Games\Tools\bot discord\discordC\data\0.0.309\modules\pending\discord_krisp-2.zip: 8%
[Modules] Streaming discord_krisp@2 to C:\Games\Tools\bot discord\discordC\data\0.0.309\modules\pending\discord_krisp-2.zip: 9%
[Modules] Streaming discord_krisp@2 to C:\Games\Tools\bot discord\discordC\data\0.0.309\modules\pending\discord_krisp-2.zip: 10%
[Modules] Streaming discord_krisp@2 to C:\Games\Tools\bot discord\discordC\data\0.0.309\modules\pending\discord_krisp-2.zip: 11%
[Modules] Streaming discord_krisp@2 to C:\Games\Tools\bot discord\discordC\data\0.0.309\modules\pending\discord_krisp-2.zip: 12%
[Modules] Streaming discord_krisp@2 to C:\Games\Tools\bot discord\discordC\data\0.0.309\modules\pending\discord_krisp-2.zip: 13%
[Modules] Streaming discord_krisp@2 to C:\Games\Tools\bot discord\discordC\data\0.0.309\modules\pending\discord_krisp-2.zip: 14%
[Modules] Streaming discord_krisp@2 to C:\Games\Tools\bot discord\discordC\data\0.0.309\modules\pending\discord_krisp-2.zip: 15%
[Modules] Streaming discord_krisp@2 to C:\Games\Tools\bot discord\discordC\data\0.0.309\modules\pending\discord_krisp-2.zip: 16%
[Modules] Streaming discord_krisp@2 to C:\Games\Tools\bot discord\discordC\data\0.0.309\modules\pending\discord_krisp-2.zip: 17%
[Modules] Streaming discord_krisp@2 to C:\Games\Tools\bot discord\discordC\data\0.0.309\modules\pending\discord_krisp-2.zip: 18%
[Modules] Streaming discord_krisp@2 to C:\Games\Tools\bot discord\discordC\data\0.0.309\modules\pending\discord_krisp-2.zip: 19%
[Modules] Streaming discord_krisp@2 to C:\Games\Tools\bot discord\discordC\data\0.0.309\modules\pending\discord_krisp-2.zip: 20%
[Modules] Streaming discord_krisp@2 to C:\Games\Tools\bot discord\discordC\data\0.0.309\modules\pending\discord_krisp-2.zip: 21%
[Modules] Streaming discord_krisp@2 to C:\Games\Tools\bot discord\discordC\data\0.0.309\modules\pending\discord_krisp-2.zip: 22%
[Modules] Streaming discord_krisp@2 to C:\Games\Tools\bot discord\discordC\data\0.0.309\modules\pending\discord_krisp-2.zip: 23%
[Modules] Streaming discord_krisp@2 to C:\Games\Tools\bot discord\discordC\data\0.0.309\modules\pending\discord_krisp-2.zip: 24%
[Modules] Streaming discord_krisp@2 to C:\Games\Tools\bot discord\discordC\data\0.0.309\modules\pending\discord_krisp-2.zip: 25%
[Modules] Streaming discord_krisp@2 to C:\Games\Tools\bot discord\discordC\data\0.0.309\modules\pending\discord_krisp-2.zip: 26%
[Modules] Streaming discord_krisp@2 to C:\Games\Tools\bot discord\discordC\data\0.0.309\modules\pending\discord_krisp-2.zip: 27%
[Modules] Streaming discord_krisp@2 to C:\Games\Tools\bot discord\discordC\data\0.0.309\modules\pending\discord_krisp-2.zip: 28%
[Modules] Streaming discord_krisp@2 to C:\Games\Tools\bot discord\discordC\data\0.0.309\modules\pending\discord_krisp-2.zip: 29%
[Modules] Streaming discord_krisp@2 to C:\Games\Tools\bot discord\discordC\data\0.0.309\modules\pending\discord_krisp-2.zip: 30%
[Modules] Streaming discord_krisp@2 to C:\Games\Tools\bot discord\discordC\data\0.0.309\modules\pending\discord_krisp-2.zip: 31%
[Modules] Streaming discord_krisp@2 to C:\Games\Tools\bot discord\discordC\data\0.0.309\modules\pending\discord_krisp-2.zip: 32%
[Modules] Streaming discord_krisp@2 to C:\Games\Tools\bot discord\discordC\data\0.0.309\modules\pending\discord_krisp-2.zip: 33%
[Modules] Streaming discord_krisp@2 to C:\Games\Tools\bot discord\discordC\data\0.0.309\modules\pending\discord_krisp-2.zip: 34%
[Modules] Streaming discord_krisp@2 to C:\Games\Tools\bot discord\discordC\data\0.0.309\modules\pending\discord_krisp-2.zip: 35%
[Modules] Streaming discord_krisp@2 to C:\Games\Tools\bot discord\discordC\data\0.0.309\modules\pending\discord_krisp-2.zip: 36%
[Modules] Streaming discord_krisp@2 to C:\Games\Tools\bot discord\discordC\data\0.0.309\modules\pending\discord_krisp-2.zip: 37%
[Modules] Streaming discord_krisp@2 to C:\Games\Tools\bot discord\discordC\data\0.0.309\modules\pending\discord_krisp-2.zip: 38%
[Modules] Streaming discord_krisp@2 to C:\Games\Tools\bot discord\discordC\data\0.0.309\modules\pending\discord_krisp-2.zip: 39%
[Modules] Streaming discord_krisp@2 to C:\Games\Tools\bot discord\discordC\data\0.0.309\modules\pending\discord_krisp-2.zip: 40%
[Modules] Streaming discord_krisp@2 to C:\Games\Tools\bot discord\discordC\data\0.0.309\modules\pending\discord_krisp-2.zip: 41%
[Modules] Streaming discord_krisp@2 to C:\Games\Tools\bot discord\discordC\data\0.0.309\modules\pending\discord_krisp-2.zip: 42%
[Modules] Streaming discord_krisp@2 to C:\Games\Tools\bot discord\discordC\data\0.0.309\modules\pending\discord_krisp-2.zip: 43%
[Modules] Streaming discord_krisp@2 to C:\Games\Tools\bot discord\discordC\data\0.0.309\modules\pending\discord_krisp-2.zip: 44%
[Modules] Starting to install discord_rpc...
[Modules] Starting to install discord_overlay2...
[Modules] Streaming discord_krisp@2 to C:\Games\Tools\bot discord\discordC\data\0.0.309\modules\pending\discord_krisp-2.zip: 45%
[Modules] Streaming discord_krisp@2 to C:\Games\Tools\bot discord\discordC\data\0.0.309\modules\pending\discord_krisp-2.zip: 46%
[Modules] Streaming discord_krisp@2 to C:\Games\Tools\bot discord\discordC\data\0.0.309\modules\pending\discord_krisp-2.zip: 47%
[Modules] Streaming discord_krisp@2 to C:\Games\Tools\bot discord\discordC\data\0.0.309\modules\pending\discord_krisp-2.zip: 48%
[Modules] Streaming discord_krisp@2 to C:\Games\Tools\bot discord\discordC\data\0.0.309\modules\pending\discord_krisp-2.zip: 49%
[Modules] Streaming discord_krisp@2 to C:\Games\Tools\bot discord\discordC\data\0.0.309\modules\pending\discord_krisp-2.zip: 50%
[Modules] Streaming discord_krisp@2 to C:\Games\Tools\bot discord\discordC\data\0.0.309\modules\pending\discord_krisp-2.zip: 51%
[Modules] Streaming discord_krisp@2 to C:\Games\Tools\bot discord\discordC\data\0.0.309\modules\pending\discord_krisp-2.zip: 52%
[Modules] Streaming discord_krisp@2 to C:\Games\Tools\bot discord\discordC\data\0.0.309\modules\pending\discord_krisp-2.zip: 53%
[Modules] Streaming discord_krisp@2 to C:\Games\Tools\bot discord\discordC\data\0.0.309\modules\pending\discord_krisp-2.zip: 54%
[Modules] Streaming discord_krisp@2 to C:\Games\Tools\bot discord\discordC\data\0.0.309\modules\pending\discord_krisp-2.zip: 55%
[Modules] Streaming discord_krisp@2 to C:\Games\Tools\bot discord\discordC\data\0.0.309\modules\pending\discord_krisp-2.zip: 56%
[Modules] Streaming discord_krisp@2 to C:\Games\Tools\bot discord\discordC\data\0.0.309\modules\pending\discord_krisp-2.zip: 57%
[Modules] Streaming discord_krisp@2 to C:\Games\Tools\bot discord\discordC\data\0.0.309\modules\pending\discord_krisp-2.zip: 58%
[Modules] Streaming discord_krisp@2 to C:\Games\Tools\bot discord\discordC\data\0.0.309\modules\pending\discord_krisp-2.zip: 59%
[Modules] Streaming discord_krisp@2 to C:\Games\Tools\bot discord\discordC\data\0.0.309\modules\pending\discord_krisp-2.zip: 60%
[Modules] Streaming discord_krisp@2 to C:\Games\Tools\bot discord\discordC\data\0.0.309\modules\pending\discord_krisp-2.zip: 61%
[Modules] Streaming discord_krisp@2 to C:\Games\Tools\bot discord\discordC\data\0.0.309\modules\pending\discord_krisp-2.zip: 62%
[Modules] Streaming discord_krisp@2 to C:\Games\Tools\bot discord\discordC\data\0.0.309\modules\pending\discord_krisp-2.zip: 63%
[Modules] Streaming discord_krisp@2 to C:\Games\Tools\bot discord\discordC\data\0.0.309\modules\pending\discord_krisp-2.zip: 64%
[Modules] Streaming discord_krisp@2 to C:\Games\Tools\bot discord\discordC\data\0.0.309\modules\pending\discord_krisp-2.zip: 65%
[Modules] Streaming discord_krisp@2 to C:\Games\Tools\bot discord\discordC\data\0.0.309\modules\pending\discord_krisp-2.zip: 66%
[Modules] Streaming discord_krisp@2 to C:\Games\Tools\bot discord\discordC\data\0.0.309\modules\pending\discord_krisp-2.zip: 67%
[Modules] Streaming discord_krisp@2 to C:\Games\Tools\bot discord\discordC\data\0.0.309\modules\pending\discord_krisp-2.zip: 68%
[Modules] Streaming discord_krisp@2 to C:\Games\Tools\bot discord\discordC\data\0.0.309\modules\pending\discord_krisp-2.zip: 69%
[Modules] Streaming discord_krisp@2 to C:\Games\Tools\bot discord\discordC\data\0.0.309\modules\pending\discord_krisp-2.zip: 70%
[Modules] Streaming discord_krisp@2 to C:\Games\Tools\bot discord\discordC\data\0.0.309\modules\pending\discord_krisp-2.zip: 71%
[Modules] Streaming discord_krisp@2 to C:\Games\Tools\bot discord\discordC\data\0.0.309\modules\pending\discord_krisp-2.zip: 72%
[Modules] Streaming discord_krisp@2 to C:\Games\Tools\bot discord\discordC\data\0.0.309\modules\pending\discord_krisp-2.zip: 73%
[Modules] Streaming discord_krisp@2 to C:\Games\Tools\bot discord\discordC\data\0.0.309\modules\pending\discord_krisp-2.zip: 74%
[Modules] Streaming discord_krisp@2 to C:\Games\Tools\bot discord\discordC\data\0.0.309\modules\pending\discord_krisp-2.zip: 75%
[Modules] Streaming discord_krisp@2 to C:\Games\Tools\bot discord\discordC\data\0.0.309\modules\pending\discord_krisp-2.zip: 76%
[Modules] Streaming discord_krisp@2 to C:\Games\Tools\bot discord\discordC\data\0.0.309\modules\pending\discord_krisp-2.zip: 77%
[Modules] Streaming discord_krisp@2 to C:\Games\Tools\bot discord\discordC\data\0.0.309\modules\pending\discord_krisp-2.zip: 79%
[Modules] Streaming discord_krisp@2 to C:\Games\Tools\bot discord\discordC\data\0.0.309\modules\pending\discord_krisp-2.zip: 80%
[Modules] Streaming discord_krisp@2 to C:\Games\Tools\bot discord\discordC\data\0.0.309\modules\pending\discord_krisp-2.zip: 81%
[Modules] Streaming discord_krisp@2 to C:\Games\Tools\bot discord\discordC\data\0.0.309\modules\pending\discord_krisp-2.zip: 82%
[Modules] Streaming discord_krisp@2 to C:\Games\Tools\bot discord\discordC\data\0.0.309\modules\pending\discord_krisp-2.zip: 83%
[Modules] Streaming discord_krisp@2 to C:\Games\Tools\bot discord\discordC\data\0.0.309\modules\pending\discord_krisp-2.zip: 84%
[Modules] Streaming discord_krisp@2 to C:\Games\Tools\bot discord\discordC\data\0.0.309\modules\pending\discord_krisp-2.zip: 85%
[Modules] Streaming discord_krisp@2 to C:\Games\Tools\bot discord\discordC\data\0.0.309\modules\pending\discord_krisp-2.zip: 86%
[Modules] Streaming discord_krisp@2 to C:\Games\Tools\bot discord\discordC\data\0.0.309\modules\pending\discord_krisp-2.zip: 87%
[Modules] Streaming discord_krisp@2 to C:\Games\Tools\bot discord\discordC\data\0.0.309\modules\pending\discord_krisp-2.zip: 88%
[Modules] Streaming discord_krisp@2 to C:\Games\Tools\bot discord\discordC\data\0.0.309\modules\pending\discord_krisp-2.zip: 89%
[Modules] Streaming discord_krisp@2 to C:\Games\Tools\bot discord\discordC\data\0.0.309\modules\pending\discord_krisp-2.zip: 90%
[Modules] Streaming discord_krisp@2 to C:\Games\Tools\bot discord\discordC\data\0.0.309\modules\pending\discord_krisp-2.zip: 91%
[Modules] Streaming discord_krisp@2 to C:\Games\Tools\bot discord\discordC\data\0.0.309\modules\pending\discord_krisp-2.zip: 92%
[Modules] Streaming discord_krisp@2 to C:\Games\Tools\bot discord\discordC\data\0.0.309\modules\pending\discord_krisp-2.zip: 93%
[Modules] Streaming discord_krisp@2 to C:\Games\Tools\bot discord\discordC\data\0.0.309\modules\pending\discord_krisp-2.zip: 94%
[Modules] Streaming discord_krisp@2 to C:\Games\Tools\bot discord\discordC\data\0.0.309\modules\pending\discord_krisp-2.zip: 95%
[Modules] Streaming discord_krisp@2 to C:\Games\Tools\bot discord\discordC\data\0.0.309\modules\pending\discord_krisp-2.zip: 96%
[Modules] Streaming discord_krisp@2 to C:\Games\Tools\bot discord\discordC\data\0.0.309\modules\pending\discord_krisp-2.zip: 97%
[Modules] Streaming discord_krisp@2 to C:\Games\Tools\bot discord\discordC\data\0.0.309\modules\pending\discord_krisp-2.zip: 98%
[Modules] Streaming discord_krisp@2 to C:\Games\Tools\bot discord\discordC\data\0.0.309\modules\pending\discord_krisp-2.zip: 99%
[Modules] Streaming discord_krisp@2 to C:\Games\Tools\bot discord\discordC\data\0.0.309\modules\pending\discord_krisp-2.zip: 100%
[Modules] Fetching discord_game_utils@1 from https://discord.com/api/modules/stable/discord_game_utils/1
[Modules] Streaming discord_game_utils@1 to C:\Games\Tools\bot discord\discordC\data\0.0.309\modules\pending\discord_game_utils-1.zip
[Modules] Installing discord_krisp@2 from C:\Games\Tools\bot discord\discordC\data\0.0.309\modules\pending\discord_krisp-2.zip
[Modules] Streaming discord_game_utils@1 to C:\Games\Tools\bot discord\discordC\data\0.0.309\modules\pending\discord_game_utils-1.zip: 69%
[Modules] Streaming discord_game_utils@1 to C:\Games\Tools\bot discord\discordC\data\0.0.309\modules\pending\discord_game_utils-1.zip: 100%
[Modules] Fetching discord_cloudsync@1 from https://discord.com/api/modules/stable/discord_cloudsync/1
[Modules] Streaming discord_cloudsync@1 to C:\Games\Tools\bot discord\discordC\data\0.0.309\modules\pending\discord_cloudsync-1.zip
[Modules] Streaming discord_cloudsync@1 to C:\Games\Tools\bot discord\discordC\data\0.0.309\modules\pending\discord_cloudsync-1.zip: 4%
[Modules] Streaming discord_cloudsync@1 to C:\Games\Tools\bot discord\discordC\data\0.0.309\modules\pending\discord_cloudsync-1.zip: 5%
[Modules] Streaming discord_cloudsync@1 to C:\Games\Tools\bot discord\discordC\data\0.0.309\modules\pending\discord_cloudsync-1.zip: 9%
[Modules] Streaming discord_cloudsync@1 to C:\Games\Tools\bot discord\discordC\data\0.0.309\modules\pending\discord_cloudsync-1.zip: 11%
[Modules] Streaming discord_cloudsync@1 to C:\Games\Tools\bot discord\discordC\data\0.0.309\modules\pending\discord_cloudsync-1.zip: 14%
[Modules] Streaming discord_cloudsync@1 to C:\Games\Tools\bot discord\discordC\data\0.0.309\modules\pending\discord_cloudsync-1.zip: 16%
[Modules] Streaming discord_cloudsync@1 to C:\Games\Tools\bot discord\discordC\data\0.0.309\modules\pending\discord_cloudsync-1.zip: 20%
[Modules] Streaming discord_cloudsync@1 to C:\Games\Tools\bot discord\discordC\data\0.0.309\modules\pending\discord_cloudsync-1.zip: 27%
[Modules] Streaming discord_cloudsync@1 to C:\Games\Tools\bot discord\discordC\data\0.0.309\modules\pending\discord_cloudsync-1.zip: 30%
[Modules] Streaming discord_cloudsync@1 to C:\Games\Tools\bot discord\discordC\data\0.0.309\modules\pending\discord_cloudsync-1.zip: 31%
[Modules] Streaming discord_cloudsync@1 to C:\Games\Tools\bot discord\discordC\data\0.0.309\modules\pending\discord_cloudsync-1.zip: 35%
[Modules] Streaming discord_cloudsync@1 to C:\Games\Tools\bot discord\discordC\data\0.0.309\modules\pending\discord_cloudsync-1.zip: 39%
[Modules] Streaming discord_cloudsync@1 to C:\Games\Tools\bot discord\discordC\data\0.0.309\modules\pending\discord_cloudsync-1.zip: 46%
[Modules] Streaming discord_cloudsync@1 to C:\Games\Tools\bot discord\discordC\data\0.0.309\modules\pending\discord_cloudsync-1.zip: 47%
[Modules] Streaming discord_cloudsync@1 to C:\Games\Tools\bot discord\discordC\data\0.0.309\modules\pending\discord_cloudsync-1.zip: 52%
[Modules] Streaming discord_cloudsync@1 to C:\Games\Tools\bot discord\discordC\data\0.0.309\modules\pending\discord_cloudsync-1.zip: 54%
[Modules] Streaming discord_cloudsync@1 to C:\Games\Tools\bot discord\discordC\data\0.0.309\modules\pending\discord_cloudsync-1.zip: 58%
[Modules] Streaming discord_cloudsync@1 to C:\Games\Tools\bot discord\discordC\data\0.0.309\modules\pending\discord_cloudsync-1.zip: 60%
[Modules] Streaming discord_cloudsync@1 to C:\Games\Tools\bot discord\discordC\data\0.0.309\modules\pending\discord_cloudsync-1.zip: 61%
[Modules] Streaming discord_cloudsync@1 to C:\Games\Tools\bot discord\discordC\data\0.0.309\modules\pending\discord_cloudsync-1.zip: 64%
[Modules] Streaming discord_cloudsync@1 to C:\Games\Tools\bot discord\discordC\data\0.0.309\modules\pending\discord_cloudsync-1.zip: 67%
[Modules] Streaming discord_cloudsync@1 to C:\Games\Tools\bot discord\discordC\data\0.0.309\modules\pending\discord_cloudsync-1.zip: 71%
[Modules] Streaming discord_cloudsync@1 to C:\Games\Tools\bot discord\discordC\data\0.0.309\modules\pending\discord_cloudsync-1.zip: 73%
[Modules] Streaming discord_cloudsync@1 to C:\Games\Tools\bot discord\discordC\data\0.0.309\modules\pending\discord_cloudsync-1.zip: 75%
[Modules] Streaming discord_cloudsync@1 to C:\Games\Tools\bot discord\discordC\data\0.0.309\modules\pending\discord_cloudsync-1.zip: 77%
[Modules] Streaming discord_cloudsync@1 to C:\Games\Tools\bot discord\discordC\data\0.0.309\modules\pending\discord_cloudsync-1.zip: 79%
[Modules] Streaming discord_cloudsync@1 to C:\Games\Tools\bot discord\discordC\data\0.0.309\modules\pending\discord_cloudsync-1.zip: 80%
[Modules] Streaming discord_cloudsync@1 to C:\Games\Tools\bot discord\discordC\data\0.0.309\modules\pending\discord_cloudsync-1.zip: 83%
[Modules] Streaming discord_cloudsync@1 to C:\Games\Tools\bot discord\discordC\data\0.0.309\modules\pending\discord_cloudsync-1.zip: 86%
[Modules] Streaming discord_cloudsync@1 to C:\Games\Tools\bot discord\discordC\data\0.0.309\modules\pending\discord_cloudsync-1.zip: 88%
[Modules] Streaming discord_cloudsync@1 to C:\Games\Tools\bot discord\discordC\data\0.0.309\modules\pending\discord_cloudsync-1.zip: 90%
[Modules] Streaming discord_cloudsync@1 to C:\Games\Tools\bot discord\discordC\data\0.0.309\modules\pending\discord_cloudsync-1.zip: 91%
[Modules] Streaming discord_cloudsync@1 to C:\Games\Tools\bot discord\discordC\data\0.0.309\modules\pending\discord_cloudsync-1.zip: 95%
[Modules] Streaming discord_cloudsync@1 to C:\Games\Tools\bot discord\discordC\data\0.0.309\modules\pending\discord_cloudsync-1.zip: 96%
[Modules] Streaming discord_cloudsync@1 to C:\Games\Tools\bot discord\discordC\data\0.0.309\modules\pending\discord_cloudsync-1.zip: 100%
[Modules] Fetching discord_rpc@1 from https://discord.com/api/modules/stable/discord_rpc/1
[Modules] Streaming discord_rpc@1 to C:\Games\Tools\bot discord\discordC\data\0.0.309\modules\pending\discord_rpc-1.zip
[Modules] Streaming discord_rpc@1 to C:\Games\Tools\bot discord\discordC\data\0.0.309\modules\pending\discord_rpc-1.zip: 100%
[Modules] Fetching discord_overlay2@1 from https://discord.com/api/modules/stable/discord_overlay2/1
[Modules] Streaming discord_overlay2@1 to C:\Games\Tools\bot discord\discordC\data\0.0.309\modules\pending\discord_overlay2-1.zip
[Modules] Installing discord_game_utils@1 from C:\Games\Tools\bot discord\discordC\data\0.0.309\modules\pending\discord_game_utils-1.zip
[Modules] Installing discord_cloudsync@1 from C:\Games\Tools\bot discord\discordC\data\0.0.309\modules\pending\discord_cloudsync-1.zip
[Modules] Installing discord_rpc@1 from C:\Games\Tools\bot discord\discordC\data\0.0.309\modules\pending\discord_rpc-1.zip
[Modules] Finished module installations. [success: 4] [failure: 0]
[Modules] Streaming discord_overlay2@1 to C:\Games\Tools\bot discord\discordC\data\0.0.309\modules\pending\discord_overlay2-1.zip: 12%
[Modules] Streaming discord_overlay2@1 to C:\Games\Tools\bot discord\discordC\data\0.0.309\modules\pending\discord_overlay2-1.zip: 25%
[Modules] Streaming discord_overlay2@1 to C:\Games\Tools\bot discord\discordC\data\0.0.309\modules\pending\discord_overlay2-1.zip: 50%
[Modules] Streaming discord_overlay2@1 to C:\Games\Tools\bot discord\discordC\data\0.0.309\modules\pending\discord_overlay2-1.zip: 63%
[Modules] Streaming discord_overlay2@1 to C:\Games\Tools\bot discord\discordC\data\0.0.309\modules\pending\discord_overlay2-1.zip: 75%
[Modules] Streaming discord_overlay2@1 to C:\Games\Tools\bot discord\discordC\data\0.0.309\modules\pending\discord_overlay2-1.zip: 88%
[Modules] Streaming discord_overlay2@1 to C:\Games\Tools\bot discord\discordC\data\0.0.309\modules\pending\discord_overlay2-1.zip: 100%
[Modules] Finished module downloads. [success: 5] [failure: 0]
[Modules] Installing discord_overlay2@1 from C:\Games\Tools\bot discord\discordC\data\0.0.309\modules\pending\discord_overlay2-1.zip
[Modules] Finished module installations. [success: 1] [failure: 0]
[Modules] Starting to install discord_media...
[Modules] Fetching discord_media@1 from https://discord.com/api/modules/stable/discord_media/1
[Modules] Streaming discord_media@1 to C:\Games\Tools\bot discord\discordC\data\0.0.309\modules\pending\discord_media-1.zip
[Modules] Streaming discord_media@1 to C:\Games\Tools\bot discord\discordC\data\0.0.309\modules\pending\discord_media-1.zip: 33%
[Modules] Streaming discord_media@1 to C:\Games\Tools\bot discord\discordC\data\0.0.309\modules\pending\discord_media-1.zip: 63%
[Modules] Streaming discord_media@1 to C:\Games\Tools\bot discord\discordC\data\0.0.309\modules\pending\discord_media-1.zip: 99%
[Modules] Streaming discord_media@1 to C:\Games\Tools\bot discord\discordC\data\0.0.309\modules\pending\discord_media-1.zip: 100%
[Modules] Finished module downloads. [success: 1] [failure: 0]
[Modules] Installing discord_media@1 from C:\Games\Tools\bot discord\discordC\data\0.0.309\modules\pending\discord_media-1.zip
[Modules] Finished module installations. [success: 1] [failure: 0]
[Modules] Starting to install discord_dispatch...
[Modules] Fetching discord_dispatch@1 from https://discord.com/api/modules/stable/discord_dispatch/1
[Modules] Streaming discord_dispatch@1 to C:\Games\Tools\bot discord\discordC\data\0.0.309\modules\pending\discord_dispatch-1.zip
[Modules] Starting to install discord_modules...
[Modules] Streaming discord_dispatch@1 to C:\Games\Tools\bot discord\discordC\data\0.0.309\modules\pending\discord_dispatch-1.zip: 2%
[Modules] Streaming discord_dispatch@1 to C:\Games\Tools\bot discord\discordC\data\0.0.309\modules\pending\discord_dispatch-1.zip: 4%
[Modules] Streaming discord_dispatch@1 to C:\Games\Tools\bot discord\discordC\data\0.0.309\modules\pending\discord_dispatch-1.zip: 5%
[Modules] Streaming discord_dispatch@1 to C:\Games\Tools\bot discord\discordC\data\0.0.309\modules\pending\discord_dispatch-1.zip: 7%
[Modules] Streaming discord_dispatch@1 to C:\Games\Tools\bot discord\discordC\data\0.0.309\modules\pending\discord_dispatch-1.zip: 9%
[Modules] Streaming discord_dispatch@1 to C:\Games\Tools\bot discord\discordC\data\0.0.309\modules\pending\discord_dispatch-1.zip: 11%
[Modules] Streaming discord_dispatch@1 to C:\Games\Tools\bot discord\discordC\data\0.0.309\modules\pending\discord_dispatch-1.zip: 12%
[Modules] Streaming discord_dispatch@1 to C:\Games\Tools\bot discord\discordC\data\0.0.309\modules\pending\discord_dispatch-1.zip: 13%
[Modules] Streaming discord_dispatch@1 to C:\Games\Tools\bot discord\discordC\data\0.0.309\modules\pending\discord_dispatch-1.zip: 15%
[Modules] Streaming discord_dispatch@1 to C:\Games\Tools\bot discord\discordC\data\0.0.309\modules\pending\discord_dispatch-1.zip: 18%
[Modules] Streaming discord_dispatch@1 to C:\Games\Tools\bot discord\discordC\data\0.0.309\modules\pending\discord_dispatch-1.zip: 19%
[Modules] Streaming discord_dispatch@1 to C:\Games\Tools\bot discord\discordC\data\0.0.309\modules\pending\discord_dispatch-1.zip: 21%
[Modules] Streaming discord_dispatch@1 to C:\Games\Tools\bot discord\discordC\data\0.0.309\modules\pending\discord_dispatch-1.zip: 22%
[Modules] Streaming discord_dispatch@1 to C:\Games\Tools\bot discord\discordC\data\0.0.309\modules\pending\discord_dispatch-1.zip: 25%
[Modules] Streaming discord_dispatch@1 to C:\Games\Tools\bot discord\discordC\data\0.0.309\modules\pending\discord_dispatch-1.zip: 26%
[Modules] Streaming discord_dispatch@1 to C:\Games\Tools\bot discord\discordC\data\0.0.309\modules\pending\discord_dispatch-1.zip: 27%
[Modules] Streaming discord_dispatch@1 to C:\Games\Tools\bot discord\discordC\data\0.0.309\modules\pending\discord_dispatch-1.zip: 29%
[Modules] Streaming discord_dispatch@1 to C:\Games\Tools\bot discord\discordC\data\0.0.309\modules\pending\discord_dispatch-1.zip: 31%
[Modules] Streaming discord_dispatch@1 to C:\Games\Tools\bot discord\discordC\data\0.0.309\modules\pending\discord_dispatch-1.zip: 35%
[Modules] Streaming discord_dispatch@1 to C:\Games\Tools\bot discord\discordC\data\0.0.309\modules\pending\discord_dispatch-1.zip: 36%
[Modules] Streaming discord_dispatch@1 to C:\Games\Tools\bot discord\discordC\data\0.0.309\modules\pending\discord_dispatch-1.zip: 38%
[Modules] Streaming discord_dispatch@1 to C:\Games\Tools\bot discord\discordC\data\0.0.309\modules\pending\discord_dispatch-1.zip: 39%
[Modules] Streaming discord_dispatch@1 to C:\Games\Tools\bot discord\discordC\data\0.0.309\modules\pending\discord_dispatch-1.zip: 41%
[Modules] Streaming discord_dispatch@1 to C:\Games\Tools\bot discord\discordC\data\0.0.309\modules\pending\discord_dispatch-1.zip: 43%
[Modules] Streaming discord_dispatch@1 to C:\Games\Tools\bot discord\discordC\data\0.0.309\modules\pending\discord_dispatch-1.zip: 45%
[Modules] Streaming discord_dispatch@1 to C:\Games\Tools\bot discord\discordC\data\0.0.309\modules\pending\discord_dispatch-1.zip: 46%
[Modules] Streaming discord_dispatch@1 to C:\Games\Tools\bot discord\discordC\data\0.0.309\modules\pending\discord_dispatch-1.zip: 48%
[Modules] Streaming discord_dispatch@1 to C:\Games\Tools\bot discord\discordC\data\0.0.309\modules\pending\discord_dispatch-1.zip: 49%
[Modules] Streaming discord_dispatch@1 to C:\Games\Tools\bot discord\discordC\data\0.0.309\modules\pending\discord_dispatch-1.zip: 50%
[Modules] Streaming discord_dispatch@1 to C:\Games\Tools\bot discord\discordC\data\0.0.309\modules\pending\discord_dispatch-1.zip: 52%
[Modules] Streaming discord_dispatch@1 to C:\Games\Tools\bot discord\discordC\data\0.0.309\modules\pending\discord_dispatch-1.zip: 55%
[Modules] Streaming discord_dispatch@1 to C:\Games\Tools\bot discord\discordC\data\0.0.309\modules\pending\discord_dispatch-1.zip: 57%
[Modules] Streaming discord_dispatch@1 to C:\Games\Tools\bot discord\discordC\data\0.0.309\modules\pending\discord_dispatch-1.zip: 59%
[Modules] Streaming discord_dispatch@1 to C:\Games\Tools\bot discord\discordC\data\0.0.309\modules\pending\discord_dispatch-1.zip: 61%
[Modules] Streaming discord_dispatch@1 to C:\Games\Tools\bot discord\discordC\data\0.0.309\modules\pending\discord_dispatch-1.zip: 63%
[Modules] Streaming discord_dispatch@1 to C:\Games\Tools\bot discord\discordC\data\0.0.309\modules\pending\discord_dispatch-1.zip: 64%
[Modules] Streaming discord_dispatch@1 to C:\Games\Tools\bot discord\discordC\data\0.0.309\modules\pending\discord_dispatch-1.zip: 65%
[Modules] Streaming discord_dispatch@1 to C:\Games\Tools\bot discord\discordC\data\0.0.309\modules\pending\discord_dispatch-1.zip: 66%
[Modules] Streaming discord_dispatch@1 to C:\Games\Tools\bot discord\discordC\data\0.0.309\modules\pending\discord_dispatch-1.zip: 68%
[Modules] Streaming discord_dispatch@1 to C:\Games\Tools\bot discord\discordC\data\0.0.309\modules\pending\discord_dispatch-1.zip: 70%
[Modules] Streaming discord_dispatch@1 to C:\Games\Tools\bot discord\discordC\data\0.0.309\modules\pending\discord_dispatch-1.zip: 72%
[Modules] Streaming discord_dispatch@1 to C:\Games\Tools\bot discord\discordC\data\0.0.309\modules\pending\discord_dispatch-1.zip: 73%
[Modules] Streaming discord_dispatch@1 to C:\Games\Tools\bot discord\discordC\data\0.0.309\modules\pending\discord_dispatch-1.zip: 74%
[Modules] Streaming discord_dispatch@1 to C:\Games\Tools\bot discord\discordC\data\0.0.309\modules\pending\discord_dispatch-1.zip: 75%
[Modules] Streaming discord_dispatch@1 to C:\Games\Tools\bot discord\discordC\data\0.0.309\modules\pending\discord_dispatch-1.zip: 77%
[Modules] Streaming discord_dispatch@1 to C:\Games\Tools\bot discord\discordC\data\0.0.309\modules\pending\discord_dispatch-1.zip: 78%
[Modules] Streaming discord_dispatch@1 to C:\Games\Tools\bot discord\discordC\data\0.0.309\modules\pending\discord_dispatch-1.zip: 80%
[Modules] Streaming discord_dispatch@1 to C:\Games\Tools\bot discord\discordC\data\0.0.309\modules\pending\discord_dispatch-1.zip: 82%
[Modules] Streaming discord_dispatch@1 to C:\Games\Tools\bot discord\discordC\data\0.0.309\modules\pending\discord_dispatch-1.zip: 84%
[Modules] Streaming discord_dispatch@1 to C:\Games\Tools\bot discord\discordC\data\0.0.309\modules\pending\discord_dispatch-1.zip: 85%
[Modules] Streaming discord_dispatch@1 to C:\Games\Tools\bot discord\discordC\data\0.0.309\modules\pending\discord_dispatch-1.zip: 86%
[Modules] Streaming discord_dispatch@1 to C:\Games\Tools\bot discord\discordC\data\0.0.309\modules\pending\discord_dispatch-1.zip: 88%
[Modules] Streaming discord_dispatch@1 to C:\Games\Tools\bot discord\discordC\data\0.0.309\modules\pending\discord_dispatch-1.zip: 89%
[Modules] Streaming discord_dispatch@1 to C:\Games\Tools\bot discord\discordC\data\0.0.309\modules\pending\discord_dispatch-1.zip: 91%
[Modules] Streaming discord_dispatch@1 to C:\Games\Tools\bot discord\discordC\data\0.0.309\modules\pending\discord_dispatch-1.zip: 92%
[Modules] Streaming discord_dispatch@1 to C:\Games\Tools\bot discord\discordC\data\0.0.309\modules\pending\discord_dispatch-1.zip: 93%
[Modules] Streaming discord_dispatch@1 to C:\Games\Tools\bot discord\discordC\data\0.0.309\modules\pending\discord_dispatch-1.zip: 95%
[Modules] Streaming discord_dispatch@1 to C:\Games\Tools\bot discord\discordC\data\0.0.309\modules\pending\discord_dispatch-1.zip: 98%
[Modules] Streaming discord_dispatch@1 to C:\Games\Tools\bot discord\discordC\data\0.0.309\modules\pending\discord_dispatch-1.zip: 100%
[Modules] Fetching discord_modules@2 from https://discord.com/api/modules/stable/discord_modules/2
[Modules] Streaming discord_modules@2 to C:\Games\Tools\bot discord\discordC\data\0.0.309\modules\pending\discord_modules-2.zip
[Modules] Installing discord_dispatch@1 from C:\Games\Tools\bot discord\discordC\data\0.0.309\modules\pending\discord_dispatch-1.zip
[Modules] Finished module installations. [success: 1] [failure: 0]
[Modules] Streaming discord_modules@2 to C:\Games\Tools\bot discord\discordC\data\0.0.309\modules\pending\discord_modules-2.zip: 1%
[Modules] Streaming discord_modules@2 to C:\Games\Tools\bot discord\discordC\data\0.0.309\modules\pending\discord_modules-2.zip: 2%
[Modules] Streaming discord_modules@2 to C:\Games\Tools\bot discord\discordC\data\0.0.309\modules\pending\discord_modules-2.zip: 4%
[Modules] Streaming discord_modules@2 to C:\Games\Tools\bot discord\discordC\data\0.0.309\modules\pending\discord_modules-2.zip: 5%
[Modules] Streaming discord_modules@2 to C:\Games\Tools\bot discord\discordC\data\0.0.309\modules\pending\discord_modules-2.zip: 6%
[Modules] Streaming discord_modules@2 to C:\Games\Tools\bot discord\discordC\data\0.0.309\modules\pending\discord_modules-2.zip: 8%
[Modules] Streaming discord_modules@2 to C:\Games\Tools\bot discord\discordC\data\0.0.309\modules\pending\discord_modules-2.zip: 10%
[Modules] Streaming discord_modules@2 to C:\Games\Tools\bot discord\discordC\data\0.0.309\modules\pending\discord_modules-2.zip: 11%
[Modules] Streaming discord_modules@2 to C:\Games\Tools\bot discord\discordC\data\0.0.309\modules\pending\discord_modules-2.zip: 12%
[Modules] Streaming discord_modules@2 to C:\Games\Tools\bot discord\discordC\data\0.0.309\modules\pending\discord_modules-2.zip: 13%
[Modules] Streaming discord_modules@2 to C:\Games\Tools\bot discord\discordC\data\0.0.309\modules\pending\discord_modules-2.zip: 14%
[Modules] Streaming discord_modules@2 to C:\Games\Tools\bot discord\discordC\data\0.0.309\modules\pending\discord_modules-2.zip: 15%
[Modules] Streaming discord_modules@2 to C:\Games\Tools\bot discord\discordC\data\0.0.309\modules\pending\discord_modules-2.zip: 16%
[Modules] Streaming discord_modules@2 to C:\Games\Tools\bot discord\discordC\data\0.0.309\modules\pending\discord_modules-2.zip: 17%
[Modules] Streaming discord_modules@2 to C:\Games\Tools\bot discord\discordC\data\0.0.309\modules\pending\discord_modules-2.zip: 18%
[Modules] Streaming discord_modules@2 to C:\Games\Tools\bot discord\discordC\data\0.0.309\modules\pending\discord_modules-2.zip: 20%
[Modules] Streaming discord_modules@2 to C:\Games\Tools\bot discord\discordC\data\0.0.309\modules\pending\discord_modules-2.zip: 21%
[Modules] Streaming discord_modules@2 to C:\Games\Tools\bot discord\discordC\data\0.0.309\modules\pending\discord_modules-2.zip: 23%
[Modules] Streaming discord_modules@2 to C:\Games\Tools\bot discord\discordC\data\0.0.309\modules\pending\discord_modules-2.zip: 25%
[Modules] Streaming discord_modules@2 to C:\Games\Tools\bot discord\discordC\data\0.0.309\modules\pending\discord_modules-2.zip: 26%
[Modules] Streaming discord_modules@2 to C:\Games\Tools\bot discord\discordC\data\0.0.309\modules\pending\discord_modules-2.zip: 28%
[Modules] Streaming discord_modules@2 to C:\Games\Tools\bot discord\discordC\data\0.0.309\modules\pending\discord_modules-2.zip: 29%
[Modules] Streaming discord_modules@2 to C:\Games\Tools\bot discord\discordC\data\0.0.309\modules\pending\discord_modules-2.zip: 31%
[Modules] Streaming discord_modules@2 to C:\Games\Tools\bot discord\discordC\data\0.0.309\modules\pending\discord_modules-2.zip: 32%
[Modules] Streaming discord_modules@2 to C:\Games\Tools\bot discord\discordC\data\0.0.309\modules\pending\discord_modules-2.zip: 33%
[Modules] Streaming discord_modules@2 to C:\Games\Tools\bot discord\discordC\data\0.0.309\modules\pending\discord_modules-2.zip: 35%
[Modules] Streaming discord_modules@2 to C:\Games\Tools\bot discord\discordC\data\0.0.309\modules\pending\discord_modules-2.zip: 37%
[Modules] Streaming discord_modules@2 to C:\Games\Tools\bot discord\discordC\data\0.0.309\modules\pending\discord_modules-2.zip: 39%
[Modules] Streaming discord_modules@2 to C:\Games\Tools\bot discord\discordC\data\0.0.309\modules\pending\discord_modules-2.zip: 41%
[Modules] Streaming discord_modules@2 to C:\Games\Tools\bot discord\discordC\data\0.0.309\modules\pending\discord_modules-2.zip: 43%
[Modules] Streaming discord_modules@2 to C:\Games\Tools\bot discord\discordC\data\0.0.309\modules\pending\discord_modules-2.zip: 44%
[Modules] Streaming discord_modules@2 to C:\Games\Tools\bot discord\discordC\data\0.0.309\modules\pending\discord_modules-2.zip: 46%
[Modules] Streaming discord_modules@2 to C:\Games\Tools\bot discord\discordC\data\0.0.309\modules\pending\discord_modules-2.zip: 47%
[Modules] Streaming discord_modules@2 to C:\Games\Tools\bot discord\discordC\data\0.0.309\modules\pending\discord_modules-2.zip: 48%
[Modules] Streaming discord_modules@2 to C:\Games\Tools\bot discord\discordC\data\0.0.309\modules\pending\discord_modules-2.zip: 49%
[Modules] Streaming discord_modules@2 to C:\Games\Tools\bot discord\discordC\data\0.0.309\modules\pending\discord_modules-2.zip: 51%
[Modules] Streaming discord_modules@2 to C:\Games\Tools\bot discord\discordC\data\0.0.309\modules\pending\discord_modules-2.zip: 52%
[Modules] Streaming discord_modules@2 to C:\Games\Tools\bot discord\discordC\data\0.0.309\modules\pending\discord_modules-2.zip: 53%
[Modules] Streaming discord_modules@2 to C:\Games\Tools\bot discord\discordC\data\0.0.309\modules\pending\discord_modules-2.zip: 55%
[Modules] Streaming discord_modules@2 to C:\Games\Tools\bot discord\discordC\data\0.0.309\modules\pending\discord_modules-2.zip: 56%
[Modules] Streaming discord_modules@2 to C:\Games\Tools\bot discord\discordC\data\0.0.309\modules\pending\discord_modules-2.zip: 57%
[Modules] Streaming discord_modules@2 to C:\Games\Tools\bot discord\discordC\data\0.0.309\modules\pending\discord_modules-2.zip: 60%
[Modules] Streaming discord_modules@2 to C:\Games\Tools\bot discord\discordC\data\0.0.309\modules\pending\discord_modules-2.zip: 62%
[Modules] Streaming discord_modules@2 to C:\Games\Tools\bot discord\discordC\data\0.0.309\modules\pending\discord_modules-2.zip: 64%
[Modules] Streaming discord_modules@2 to C:\Games\Tools\bot discord\discordC\data\0.0.309\modules\pending\discord_modules-2.zip: 66%
[Modules] Streaming discord_modules@2 to C:\Games\Tools\bot discord\discordC\data\0.0.309\modules\pending\discord_modules-2.zip: 67%
[Modules] Streaming discord_modules@2 to C:\Games\Tools\bot discord\discordC\data\0.0.309\modules\pending\discord_modules-2.zip: 68%
[Modules] Streaming discord_modules@2 to C:\Games\Tools\bot discord\discordC\data\0.0.309\modules\pending\discord_modules-2.zip: 69%
[Modules] Streaming discord_modules@2 to C:\Games\Tools\bot discord\discordC\data\0.0.309\modules\pending\discord_modules-2.zip: 71%
[Modules] Streaming discord_modules@2 to C:\Games\Tools\bot discord\discordC\data\0.0.309\modules\pending\discord_modules-2.zip: 72%
[Modules] Streaming discord_modules@2 to C:\Games\Tools\bot discord\discordC\data\0.0.309\modules\pending\discord_modules-2.zip: 74%
[Modules] Streaming discord_modules@2 to C:\Games\Tools\bot discord\discordC\data\0.0.309\modules\pending\discord_modules-2.zip: 77%
[Modules] Streaming discord_modules@2 to C:\Games\Tools\bot discord\discordC\data\0.0.309\modules\pending\discord_modules-2.zip: 79%
[Modules] Streaming discord_modules@2 to C:\Games\Tools\bot discord\discordC\data\0.0.309\modules\pending\discord_modules-2.zip: 80%
[Modules] Streaming discord_modules@2 to C:\Games\Tools\bot discord\discordC\data\0.0.309\modules\pending\discord_modules-2.zip: 82%
[Modules] Streaming discord_modules@2 to C:\Games\Tools\bot discord\discordC\data\0.0.309\modules\pending\discord_modules-2.zip: 83%
[Modules] Streaming discord_modules@2 to C:\Games\Tools\bot discord\discordC\data\0.0.309\modules\pending\discord_modules-2.zip: 85%
[Modules] Streaming discord_modules@2 to C:\Games\Tools\bot discord\discordC\data\0.0.309\modules\pending\discord_modules-2.zip: 87%
[Modules] Streaming discord_modules@2 to C:\Games\Tools\bot discord\discordC\data\0.0.309\modules\pending\discord_modules-2.zip: 89%
[Modules] Streaming discord_modules@2 to C:\Games\Tools\bot discord\discordC\data\0.0.309\modules\pending\discord_modules-2.zip: 91%
[Modules] Streaming discord_modules@2 to C:\Games\Tools\bot discord\discordC\data\0.0.309\modules\pending\discord_modules-2.zip: 92%
[Modules] Streaming discord_modules@2 to C:\Games\Tools\bot discord\discordC\data\0.0.309\modules\pending\discord_modules-2.zip: 93%
[Modules] Streaming discord_modules@2 to C:\Games\Tools\bot discord\discordC\data\0.0.309\modules\pending\discord_modules-2.zip: 94%
[Modules] Streaming discord_modules@2 to C:\Games\Tools\bot discord\discordC\data\0.0.309\modules\pending\discord_modules-2.zip: 96%
[Modules] Streaming discord_modules@2 to C:\Games\Tools\bot discord\discordC\data\0.0.309\modules\pending\discord_modules-2.zip: 98%
[Modules] Streaming discord_modules@2 to C:\Games\Tools\bot discord\discordC\data\0.0.309\modules\pending\discord_modules-2.zip: 100%
[Modules] Finished module downloads. [success: 2] [failure: 0]
[Modules] Installing discord_modules@2 from C:\Games\Tools\bot discord\discordC\data\0.0.309\modules\pending\discord_modules-2.zip
[Modules] Finished module installations. [success: 1] [failure: 0]
Sat, 27 Mar 2021 19:15:50 CET INF C:/Users/runneradmin/go/pkg/mod/github.com/portapps/portapps/v3@v3.3.0/portapps.go:118 > --------
Sat, 27 Mar 2021 19:15:50 CET INF C:/Users/runneradmin/go/pkg/mod/github.com/portapps/portapps/v3@v3.3.0/portapps.go:119 > Operating System: Windows 10.0.19042
Sat, 27 Mar 2021 19:15:50 CET INF C:/Users/runneradmin/go/pkg/mod/github.com/portapps/portapps/v3@v3.3.0/portapps.go:120 > Starting Discord 0.0.309-8 (portapps 3.3.0)...
Sat, 27 Mar 2021 19:15:50 CET INF C:/Users/runneradmin/go/pkg/mod/github.com/portapps/portapps/v3@v3.3.0/portapps.go:121 > Release date: 2021/03/09 16:58:13
Sat, 27 Mar 2021 19:15:50 CET INF C:/Users/runneradmin/go/pkg/mod/github.com/portapps/portapps/v3@v3.3.0/portapps.go:122 > Publisher: CrazyMax (https://github.com/portapps/discord-portable)
Sat, 27 Mar 2021 19:15:50 CET INF C:/Users/runneradmin/go/pkg/mod/github.com/portapps/portapps/v3@v3.3.0/portapps.go:123 > Root path: C:\Games\Tools\bot discord\discordC
Sat, 27 Mar 2021 19:15:50 CET INF C:/Users/runneradmin/go/pkg/mod/github.com/portapps/portapps/v3@v3.3.0/portapps.go:127 > Configuration:
common:
  disable_log: false
  args: []
  env: {}
  app_path: ""
app:
  cleanup: false

Sat, 27 Mar 2021 19:15:50 CET INF D:/a/discord-portable/discord-portable/main.go:73 > Update settings...
Sat, 27 Mar 2021 19:15:50 CET INF D:/a/discord-portable/discord-portable/main.go:80 > Current settings settings={"BACKGROUND_COLOR":"#202225"}
Sat, 27 Mar 2021 19:15:50 CET INF D:/a/discord-portable/discord-portable/main.go:83 > New settings settings={"BACKGROUND_COLOR":"#202225","SKIP_HOST_UPDATE":true}
Sat, 27 Mar 2021 19:15:50 CET ERR D:/a/discord-portable/discord-portable/main.go:98 > Cannot restore data assets error="Asset data not found"
Sat, 27 Mar 2021 19:15:50 CET INF C:/Users/runneradmin/go/pkg/mod/github.com/portapps/portapps/v3@v3.3.0/portapps.go:167 > Process: C:\Games\Tools\bot discord\discordC\app\app-0.0.309\Discord.exe
Sat, 27 Mar 2021 19:15:50 CET INF C:/Users/runneradmin/go/pkg/mod/github.com/portapps/portapps/v3@v3.3.0/portapps.go:168 > Args (config file): 
Sat, 27 Mar 2021 19:15:50 CET INF C:/Users/runneradmin/go/pkg/mod/github.com/portapps/portapps/v3@v3.3.0/portapps.go:169 > Args (cmd line): 
Sat, 27 Mar 2021 19:15:50 CET INF C:/Users/runneradmin/go/pkg/mod/github.com/portapps/portapps/v3@v3.3.0/portapps.go:170 > Args (hardcoded): 
Sat, 27 Mar 2021 19:15:50 CET INF C:/Users/runneradmin/go/pkg/mod/github.com/portapps/portapps/v3@v3.3.0/portapps.go:171 > Working dir: C:\Games\Tools\bot discord\discordC\app\app-0.0.309
Sat, 27 Mar 2021 19:15:50 CET INF C:/Users/runneradmin/go/pkg/mod/github.com/portapps/portapps/v3@v3.3.0/portapps.go:172 > App path: C:\Games\Tools\bot discord\discordC\app
Sat, 27 Mar 2021 19:15:50 CET INF C:/Users/runneradmin/go/pkg/mod/github.com/portapps/portapps/v3@v3.3.0/portapps.go:173 > Data path: C:\Games\Tools\bot discord\discordC\data
Sat, 27 Mar 2021 19:15:50 CET INF C:/Users/runneradmin/go/pkg/mod/github.com/portapps/portapps/v3@v3.3.0/portapps.go:174 > Previous path: 
Sat, 27 Mar 2021 19:15:50 CET INF C:/Users/runneradmin/go/pkg/mod/github.com/portapps/portapps/v3@v3.3.0/portapps.go:180 > Launching Discord
Sat, 27 Mar 2021 19:15:50 CET INF C:/Users/runneradmin/go/pkg/mod/github.com/portapps/portapps/v3@v3.3.0/portapps.go:190 > Exec C:\Games\Tools\bot discord\discordC\app\app-0.0.309\Discord.exe 

Discord 0.0.309
(node:13092) [DEP0005] DeprecationWarning: Buffer() is deprecated due to security and usability issues. Please use the Buffer.alloc(), Buffer.allocUnsafe(), or Buffer.from() methods instead.
Starting app.
Starting updater.
[Modules] Modules initializing
[Modules] Distribution: remote
[Modules] Host updates: disabled
[Modules] Module updates: enabled
[Modules] Module install path: C:\Games\Tools\bot discord\discordC\data\0.0.309\modules
[Modules] Module installed file path: C:\Games\Tools\bot discord\discordC\data\0.0.309\modules\installed.json
[Modules] Module download path: C:\Games\Tools\bot discord\discordC\data\0.0.309\modules\pending
[Modules] No updates to install
[Modules] Host is up to date.
[Modules] Checking for module updates at https://discord.com/api/modules/stable/versions.json
[Modules] No module updates available.
[Modules] Host is up to date.
[Modules] Checking for module updates at https://discord.com/api/modules/stable/versions.json
[Modules] No module updates available.
